<?xml version="1.0" encoding="UTF-8"?>
<!-- Generated by org.testng.reporters.JUnitXMLReporter -->
<testsuite ignored="1" hostname="DESKTOP-5TC1D65" failures="1" tests="2" name="LoginPageTest" time="17.264" errors="0" timestamp="2026-08-12T12:24:35 IST">
  <testcase classname="test.LoginPageTest" name="errorLoginTest" time="1.581">
    <skipped/>
  </testcase> <!-- errorLoginTest -->
  <testcase classname="test.LoginPageTest" name="errorLoginTest" time="1.157">
    <failure type="java.lang.AssertionError" message="expected [Incorrect emai or password.] but found [Incorrect email or password.]">
      <![CDATA[java.lang.AssertionError: expected [Incorrect emai or password.] but found [Incorrect email or password.]
at test.LoginPageTest.errorLoginTest(LoginPageTest.java:45)
at java.base/java.util.ArrayList.forEach(ArrayList.java:1596)
... Removed 31 stack frames]]>
    </failure>
  </testcase> <!-- errorLoginTest -->
  <testcase classname="test.LoginPageTest" name="loginSuccessTest" time="0.0">
    <ignored/>
  </testcase> <!-- loginSuccessTest -->
</testsuite> <!-- LoginPageTest -->
